27.02.2026 00:53:13 | INFO | 🚀 Бот запущен | Тикер: BRH6 | Таймфрейм: 15min
27.02.2026 00:53:13 | INFO | ⏳ До закрытия свечи: 06:47 мин
27.02.2026 00:54:13 | INFO | ⏳ До закрытия свечи: 05:47 мин
27.02.2026 00:55:13 | INFO | ⏳ До закрытия свечи: 04:47 мин
27.02.2026 00:56:13 | INFO | ⏳ До закрытия свечи: 03:47 мин
27.02.2026 00:57:13 | INFO | ⏳ До закрытия свечи: 02:47 мин
27.02.2026 00:58:13 | INFO | ⏳ До закрытия свечи: 01:47 мин
27.02.2026 00:59:13 | INFO | ⏳ До закрытия свечи: 00:47 мин
27.02.2026 00:59:45 | INFO | ⏳ Ожидание закрытия свечи через 15 сек...
27.02.2026 01:00:03 | INFO | 📥 Загрузка данных с MOEX...
27.02.2026 01:00:04 | INFO | HTTP Request: GET https://iss.moex.com/iss/securities/BRH6.json "HTTP/1.1 200 OK"
27.02.2026 01:00:05 | INFO | HTTP Request: GET https://iss.moex.com/iss/engines/futures/markets/forts/boards/RFUD/securities/BRH6/candles.json?from=2026-02-20T01%3A00%3A04.699880&till=2026-02-27T01%3A00%3A04.699880&interval=1&start=0 "HTTP/1.1 200 OK"
27.02.2026 01:00:06 | INFO | HTTP Request: GET https://iss.moex.com/iss/engines/futures/markets/forts/boards/RFUD/securities/BRH6/candles.json?from=2026-02-20T01%3A00%3A04.699880&till=2026-02-27T01%3A00%3A04.699880&interval=1&start=500 "HTTP/1.1 200 OK"
27.02.2026 01:00:06 | INFO | HTTP Request: GET https://iss.moex.com/iss/engines/futures/markets/forts/boards/RFUD/securities/BRH6/candles.json?from=2026-02-20T01%3A00%3A04.699880&till=2026-02-27T01%3A00%3A04.699880&interval=1&start=1000 "HTTP/1.1 200 OK"
27.02.2026 01:00:06 | INFO | HTTP Request: GET https://iss.moex.com/iss/engines/futures/markets/forts/boards/RFUD/securities/BRH6/candles.json?from=2026-02-20T01%3A00%3A04.699880&till=2026-02-27T01%3A00%3A04.699880&interval=1&start=1500 "HTTP/1.1 200 OK"
27.02.2026 01:00:07 | INFO | HTTP Request: GET https://iss.moex.com/iss/engines/futures/markets/forts/boards/RFUD/securities/BRH6/candles.json?from=2026-02-20T01%3A00%3A04.699880&till=2026-02-27T01%3A00%3A04.699880&interval=1&start=2000 "HTTP/1.1 200 OK"
27.02.2026 01:00:07 | INFO | HTTP Request: GET https://iss.moex.com/iss/engines/futures/markets/forts/boards/RFUD/securities/BRH6/candles.json?from=2026-02-20T01%3A00%3A04.699880&till=2026-02-27T01%3A00%3A04.699880&interval=1&start=2500 "HTTP/1.1 200 OK"
27.02.2026 01:00:07 | INFO | HTTP Request: GET https://iss.moex.com/iss/engines/futures/markets/forts/boards/RFUD/securities/BRH6/candles.json?from=2026-02-20T01%3A00%3A04.699880&till=2026-02-27T01%3A00%3A04.699880&interval=1&start=3000 "HTTP/1.1 200 OK"
27.02.2026 01:00:08 | INFO | HTTP Request: GET https://iss.moex.com/iss/engines/futures/markets/forts/boards/RFUD/securities/BRH6/candles.json?from=2026-02-20T01%3A00%3A04.699880&till=2026-02-27T01%3A00%3A04.699880&interval=1&start=3500 "HTTP/1.1 200 OK"
27.02.2026 01:00:08 | INFO | HTTP Request: GET https://iss.moex.com/iss/engines/futures/markets/forts/boards/RFUD/securities/BRH6/candles.json?from=2026-02-20T01%3A00%3A04.699880&till=2026-02-27T01%3A00%3A04.699880&interval=1&start=4000 "HTTP/1.1 200 OK"
27.02.2026 01:00:08 | INFO | HTTP Request: GET https://iss.moex.com/iss/engines/futures/markets/forts/boards/RFUD/securities/BRH6/candles.json?from=2026-02-20T01%3A00%3A04.699880&till=2026-02-27T01%3A00%3A04.699880&interval=1&start=4500 "HTTP/1.1 200 OK"
27.02.2026 01:00:09 | INFO | HTTP Request: GET https://iss.moex.com/iss/engines/futures/markets/forts/boards/RFUD/securities/BRH6/candles.json?from=2026-02-20T01%3A00%3A04.699880&till=2026-02-27T01%3A00%3A04.699880&interval=1&start=4891 "HTTP/1.1 200 OK"
27.02.2026 01:00:09 | INFO | ⏳ До закрытия свечи: 14:51 мин
27.02.2026 01:01:09 | INFO | ⏳ До закрытия свечи: 13:51 мин
27.02.2026 01:02:09 | INFO | ⏳ До закрытия свечи: 12:51 мин
27.02.2026 01:03:09 | INFO | ⏳ До закрытия свечи: 11:51 мин
27.02.2026 01:04:09 | INFO | ⏳ До закрытия свечи: 10:51 мин
27.02.2026 01:05:09 | INFO | ⏳ До закрытия свечи: 09:51 мин
27.02.2026 01:06:09 | INFO | ⏳ До закрытия свечи: 08:51 мин
27.02.2026 01:07:09 | INFO | ⏳ До закрытия свечи: 07:51 мин
27.02.2026 01:08:09 | INFO | ⏳ До закрытия свечи: 06:51 мин
27.02.2026 01:09:09 | INFO | ⏳ До закрытия свечи: 05:51 мин
27.02.2026 01:10:09 | INFO | ⏳ До закрытия свечи: 04:51 мин
27.02.2026 01:11:09 | INFO | ⏳ До закрытия свечи: 03:51 мин
27.02.2026 01:12:09 | INFO | ⏳ До закрытия свечи: 02:51 мин
27.02.2026 01:13:09 | INFO | ⏳ До закрытия свечи: 01:51 мин
27.02.2026 01:14:09 | INFO | ⏳ До закрытия свечи: 00:51 мин
27.02.2026 01:14:45 | INFO | ⏳ Ожидание закрытия свечи через 15 сек...
27.02.2026 01:15:03 | INFO | 📥 Загрузка данных с MOEX...
27.02.2026 01:15:05 | INFO | HTTP Request: GET https://iss.moex.com/iss/securities/BRH6.json "HTTP/1.1 200 OK"
27.02.2026 01:15:05 | INFO | HTTP Request: GET https://iss.moex.com/iss/engines/futures/markets/forts/boards/RFUD/securities/BRH6/candles.json?from=2026-02-20T01%3A15%3A05.246340&till=2026-02-27T01%3A15%3A05.246340&interval=1&start=0 "HTTP/1.1 200 OK"
27.02.2026 01:15:06 | INFO | HTTP Request: GET https://iss.moex.com/iss/engines/futures/markets/forts/boards/RFUD/securities/BRH6/candles.json?from=2026-02-20T01%3A15%3A05.246340&till=2026-02-27T01%3A15%3A05.246340&interval=1&start=500 "HTTP/1.1 200 OK"
27.02.2026 01:15:06 | INFO | HTTP Request: GET https://iss.moex.com/iss/engines/futures/markets/forts/boards/RFUD/securities/BRH6/candles.json?from=2026-02-20T01%3A15%3A05.246340&till=2026-02-27T01%3A15%3A05.246340&interval=1&start=1000 "HTTP/1.1 200 OK"
27.02.2026 01:15:06 | INFO | HTTP Request: GET https://iss.moex.com/iss/engines/futures/markets/forts/boards/RFUD/securities/BRH6/candles.json?from=2026-02-20T01%3A15%3A05.246340&till=2026-02-27T01%3A15%3A05.246340&interval=1&start=1500 "HTTP/1.1 200 OK"
27.02.2026 01:15:07 | INFO | HTTP Request: GET https://iss.moex.com/iss/engines/futures/markets/forts/boards/RFUD/securities/BRH6/candles.json?from=2026-02-20T01%3A15%3A05.246340&till=2026-02-27T01%3A15%3A05.246340&interval=1&start=2000 "HTTP/1.1 200 OK"
27.02.2026 01:15:07 | INFO | HTTP Request: GET https://iss.moex.com/iss/engines/futures/markets/forts/boards/RFUD/securities/BRH6/candles.json?from=2026-02-20T01%3A15%3A05.246340&till=2026-02-27T01%3A15%3A05.246340&interval=1&start=2500 "HTTP/1.1 200 OK"
27.02.2026 01:15:07 | INFO | HTTP Request: GET https://iss.moex.com/iss/engines/futures/markets/forts/boards/RFUD/securities/BRH6/candles.json?from=2026-02-20T01%3A15%3A05.246340&till=2026-02-27T01%3A15%3A05.246340&interval=1&start=3000 "HTTP/1.1 200 OK"
27.02.2026 01:15:08 | INFO | HTTP Request: GET https://iss.moex.com/iss/engines/futures/markets/forts/boards/RFUD/securities/BRH6/candles.json?from=2026-02-20T01%3A15%3A05.246340&till=2026-02-27T01%3A15%3A05.246340&interval=1&start=3500 "HTTP/1.1 200 OK"
27.02.2026 01:15:08 | INFO | HTTP Request: GET https://iss.moex.com/iss/engines/futures/markets/forts/boards/RFUD/securities/BRH6/candles.json?from=2026-02-20T01%3A15%3A05.246340&till=2026-02-27T01%3A15%3A05.246340&interval=1&start=4000 "HTTP/1.1 200 OK"
27.02.2026 01:15:09 | INFO | HTTP Request: GET https://iss.moex.com/iss/engines/futures/markets/forts/boards/RFUD/securities/BRH6/candles.json?from=2026-02-20T01%3A15%3A05.246340&till=2026-02-27T01%3A15%3A05.246340&interval=1&start=4500 "HTTP/1.1 200 OK"
27.02.2026 01:15:09 | INFO | HTTP Request: GET https://iss.moex.com/iss/engines/futures/markets/forts/boards/RFUD/securities/BRH6/candles.json?from=2026-02-20T01%3A15%3A05.246340&till=2026-02-27T01%3A15%3A05.246340&interval=1&start=4891 "HTTP/1.1 200 OK"
27.02.2026 01:15:09 | INFO | ⏳ До закрытия свечи: 14:51 мин
27.02.2026 01:16:09 | INFO | ⏳ До закрытия свечи: 13:51 мин
27.02.2026 01:17:09 | INFO | ⏳ До закрытия свечи: 12:51 мин
27.02.2026 01:18:09 | INFO | ⏳ До закрытия свечи: 11:51 мин
27.02.2026 01:19:09 | INFO | ⏳ До закрытия свечи: 10:51 мин
27.02.2026 01:20:09 | INFO | ⏳ До закрытия свечи: 09:51 мин
27.02.2026 01:21:09 | INFO | ⏳ До закрытия свечи: 08:51 мин
27.02.2026 01:22:09 | INFO | ⏳ До закрытия свечи: 07:51 мин
27.02.2026 01:23:09 | INFO | ⏳ До закрытия свечи: 06:51 мин
27.02.2026 01:24:09 | INFO | ⏳ До закрытия свечи: 05:51 мин
27.02.2026 01:25:09 | INFO | ⏳ До закрытия свечи: 04:51 мин
27.02.2026 01:26:09 | INFO | ⏳ До закрытия свечи: 03:51 мин
27.02.2026 01:27:09 | INFO | ⏳ До закрытия свечи: 02:51 мин
27.02.2026 01:28:09 | INFO | ⏳ До закрытия свечи: 01:51 мин
27.02.2026 01:29:09 | INFO | ⏳ До закрытия свечи: 00:51 мин
27.02.2026 01:29:13 | INFO | 🛑 Бот остановлен пользователем
27.02.2026 01:29:19 | INFO | 🚀 Бот запущен | Тикер: BRH6 | Таймфрейм: 15min
27.02.2026 01:29:20 | ERROR | ❌ Ошибка отправки текста: 404 Client Error: Not Found for url: https://api.telegram.org/bot%D0%92%D0%90%D0%A8_BOT_TOKEN/sendMessage
27.02.2026 01:29:20 | INFO | ⏳ До закрытия свечи: 00:40 мин
27.02.2026 01:29:45 | INFO | ⏳ Ожидание закрытия свечи через 15 сек...
27.02.2026 01:30:03 | INFO | 📥 Загрузка данных с MOEX...
27.02.2026 01:30:05 | INFO | HTTP Request: GET https://iss.moex.com/iss/securities/BRH6.json "HTTP/1.1 200 OK"
27.02.2026 01:30:06 | INFO | HTTP Request: GET https://iss.moex.com/iss/engines/futures/markets/forts/boards/RFUD/securities/BRH6/candles.json?from=2026-02-20T01%3A30%3A05.374570&till=2026-02-27T01%3A30%3A05.374570&interval=1&start=0 "HTTP/1.1 200 OK"
27.02.2026 01:30:06 | INFO | HTTP Request: GET https://iss.moex.com/iss/engines/futures/markets/forts/boards/RFUD/securities/BRH6/candles.json?from=2026-02-20T01%3A30%3A05.374570&till=2026-02-27T01%3A30%3A05.374570&interval=1&start=500 "HTTP/1.1 200 OK"
27.02.2026 01:30:07 | INFO | HTTP Request: GET https://iss.moex.com/iss/engines/futures/markets/forts/boards/RFUD/securities/BRH6/candles.json?from=2026-02-20T01%3A30%3A05.374570&till=2026-02-27T01%3A30%3A05.374570&interval=1&start=1000 "HTTP/1.1 200 OK"
27.02.2026 01:30:07 | INFO | HTTP Request: GET https://iss.moex.com/iss/engines/futures/markets/forts/boards/RFUD/securities/BRH6/candles.json?from=2026-02-20T01%3A30%3A05.374570&till=2026-02-27T01%3A30%3A05.374570&interval=1&start=1500 "HTTP/1.1 200 OK"
27.02.2026 01:30:08 | INFO | HTTP Request: GET https://iss.moex.com/iss/engines/futures/markets/forts/boards/RFUD/securities/BRH6/candles.json?from=2026-02-20T01%3A30%3A05.374570&till=2026-02-27T01%3A30%3A05.374570&interval=1&start=2000 "HTTP/1.1 200 OK"
27.02.2026 01:30:08 | INFO | HTTP Request: GET https://iss.moex.com/iss/engines/futures/markets/forts/boards/RFUD/securities/BRH6/candles.json?from=2026-02-20T01%3A30%3A05.374570&till=2026-02-27T01%3A30%3A05.374570&interval=1&start=2500 "HTTP/1.1 200 OK"
27.02.2026 01:30:09 | INFO | HTTP Request: GET https://iss.moex.com/iss/engines/futures/markets/forts/boards/RFUD/securities/BRH6/candles.json?from=2026-02-20T01%3A30%3A05.374570&till=2026-02-27T01%3A30%3A05.374570&interval=1&start=3000 "HTTP/1.1 200 OK"
27.02.2026 01:30:09 | INFO | HTTP Request: GET https://iss.moex.com/iss/engines/futures/markets/forts/boards/RFUD/securities/BRH6/candles.json?from=2026-02-20T01%3A30%3A05.374570&till=2026-02-27T01%3A30%3A05.374570&interval=1&start=3500 "HTTP/1.1 200 OK"
27.02.2026 01:30:09 | INFO | HTTP Request: GET https://iss.moex.com/iss/engines/futures/markets/forts/boards/RFUD/securities/BRH6/candles.json?from=2026-02-20T01%3A30%3A05.374570&till=2026-02-27T01%3A30%3A05.374570&interval=1&start=4000 "HTTP/1.1 200 OK"
27.02.2026 01:30:10 | INFO | HTTP Request: GET https://iss.moex.com/iss/engines/futures/markets/forts/boards/RFUD/securities/BRH6/candles.json?from=2026-02-20T01%3A30%3A05.374570&till=2026-02-27T01%3A30%3A05.374570&interval=1&start=4500 "HTTP/1.1 200 OK"
27.02.2026 01:30:10 | INFO | HTTP Request: GET https://iss.moex.com/iss/engines/futures/markets/forts/boards/RFUD/securities/BRH6/candles.json?from=2026-02-20T01%3A30%3A05.374570&till=2026-02-27T01%3A30%3A05.374570&interval=1&start=4891 "HTTP/1.1 200 OK"
27.02.2026 01:30:10 | INFO | ⏳ До закрытия свечи: 14:50 мин
27.02.2026 01:31:10 | INFO | ⏳ До закрытия свечи: 13:50 мин
27.02.2026 01:31:22 | INFO | 🛑 Бот остановлен пользователем
27.02.2026 01:31:30 | INFO | 🚀 Бот запущен | Тикер: BRH6 | Таймфрейм: 15min
27.02.2026 01:31:34 | INFO | ✅ Текстовое сообщение отправлено
27.02.2026 01:31:34 | INFO | ⏳ До закрытия свечи: 13:26 мин
27.02.2026 01:32:34 | INFO | ⏳ До закрытия свечи: 12:26 мин
27.02.2026 01:33:34 | INFO | ⏳ До закрытия свечи: 11:26 мин
27.02.2026 01:34:34 | INFO | ⏳ До закрытия свечи: 10:26 мин
27.02.2026 11:11:17 | INFO | 🚀 Бот запущен | Тикер: BRH6 | Таймфрейм: 15min
28.02.2026 19:11:22 | INFO | 🚀 Бот запущен | Тикер: BRH6 | Таймфрейм: 15min
28.02.2026 19:11:22 | ERROR | ❌ Ошибка отправки текста: 404 Client Error: Not Found for url: https://api.telegram.org/botYOUR_TELEGRAM_BOT_TOKEN/sendMessage
28.02.2026 19:11:22 | INFO | ⏳ До закрытия свечи: 03:38 мин
28.02.2026 19:12:22 | INFO | ⏳ До закрытия свечи: 02:38 мин
28.02.2026 19:13:22 | INFO | ⏳ До закрытия свечи: 01:38 мин
28.02.2026 19:14:22 | INFO | ⏳ До закрытия свечи: 00:38 мин
28.02.2026 19:14:45 | INFO | ⏳ Ожидание закрытия свечи через 15 сек...
28.02.2026 19:15:03 | INFO | 📥 Загрузка данных с MOEX...
28.02.2026 19:15:04 | INFO | HTTP Request: GET https://iss.moex.com/iss/securities/BRH6.json "HTTP/1.1 200 OK"
28.02.2026 19:15:04 | INFO | HTTP Request: GET https://iss.moex.com/iss/engines/futures/markets/forts/boards/RFUD/securities/BRH6/candles.json?from=2026-02-21T19%3A15%3A04.026479&till=2026-02-28T19%3A15%3A04.026479&interval=1&start=0 "HTTP/1.1 200 OK"
28.02.2026 19:15:04 | INFO | HTTP Request: GET https://iss.moex.com/iss/engines/futures/markets/forts/boards/RFUD/securities/BRH6/candles.json?from=2026-02-21T19%3A15%3A04.026479&till=2026-02-28T19%3A15%3A04.026479&interval=1&start=500 "HTTP/1.1 200 OK"
28.02.2026 19:15:04 | INFO | HTTP Request: GET https://iss.moex.com/iss/engines/futures/markets/forts/boards/RFUD/securities/BRH6/candles.json?from=2026-02-21T19%3A15%3A04.026479&till=2026-02-28T19%3A15%3A04.026479&interval=1&start=1000 "HTTP/1.1 200 OK"
28.02.2026 19:15:04 | INFO | HTTP Request: GET https://iss.moex.com/iss/engines/futures/markets/forts/boards/RFUD/securities/BRH6/candles.json?from=2026-02-21T19%3A15%3A04.026479&till=2026-02-28T19%3A15%3A04.026479&interval=1&start=1500 "HTTP/1.1 200 OK"
28.02.2026 19:15:04 | INFO | HTTP Request: GET https://iss.moex.com/iss/engines/futures/markets/forts/boards/RFUD/securities/BRH6/candles.json?from=2026-02-21T19%3A15%3A04.026479&till=2026-02-28T19%3A15%3A04.026479&interval=1&start=2000 "HTTP/1.1 200 OK"
28.02.2026 19:15:04 | INFO | HTTP Request: GET https://iss.moex.com/iss/engines/futures/markets/forts/boards/RFUD/securities/BRH6/candles.json?from=2026-02-21T19%3A15%3A04.026479&till=2026-02-28T19%3A15%3A04.026479&interval=1&start=2500 "HTTP/1.1 200 OK"
28.02.2026 19:15:04 | INFO | HTTP Request: GET https://iss.moex.com/iss/engines/futures/markets/forts/boards/RFUD/securities/BRH6/candles.json?from=2026-02-21T19%3A15%3A04.026479&till=2026-02-28T19%3A15%3A04.026479&interval=1&start=3000 "HTTP/1.1 200 OK"
28.02.2026 19:15:04 | INFO | HTTP Request: GET https://iss.moex.com/iss/engines/futures/markets/forts/boards/RFUD/securities/BRH6/candles.json?from=2026-02-21T19%3A15%3A04.026479&till=2026-02-28T19%3A15%3A04.026479&interval=1&start=3500 "HTTP/1.1 200 OK"
28.02.2026 19:15:04 | INFO | HTTP Request: GET https://iss.moex.com/iss/engines/futures/markets/forts/boards/RFUD/securities/BRH6/candles.json?from=2026-02-21T19%3A15%3A04.026479&till=2026-02-28T19%3A15%3A04.026479&interval=1&start=4000 "HTTP/1.1 200 OK"
28.02.2026 19:15:04 | INFO | HTTP Request: GET https://iss.moex.com/iss/engines/futures/markets/forts/boards/RFUD/securities/BRH6/candles.json?from=2026-02-21T19%3A15%3A04.026479&till=2026-02-28T19%3A15%3A04.026479&interval=1&start=4500 "HTTP/1.1 200 OK"
28.02.2026 19:15:05 | INFO | HTTP Request: GET https://iss.moex.com/iss/engines/futures/markets/forts/boards/RFUD/securities/BRH6/candles.json?from=2026-02-21T19%3A15%3A04.026479&till=2026-02-28T19%3A15%3A04.026479&interval=1&start=5000 "HTTP/1.1 200 OK"
28.02.2026 19:15:05 | INFO | HTTP Request: GET https://iss.moex.com/iss/engines/futures/markets/forts/boards/RFUD/securities/BRH6/candles.json?from=2026-02-21T19%3A15%3A04.026479&till=2026-02-28T19%3A15%3A04.026479&interval=1&start=5027 "HTTP/1.1 200 OK"
28.02.2026 19:15:05 | INFO | 🔔 Новый сигнал: BUY @ 2026-02-28 18:30:00
28.02.2026 19:15:05 | ERROR | ⚠️ Ошибка в основном цикле: 
Image export using the "kaleido" engine requires the Kaleido package,
which can be installed using pip:

    $ pip install --upgrade kaleido
Traceback (most recent call last):
  File "/home/oleg/Документы/trading/ALMA_bot.py", line 272, in run_bot
    img  = build_chart(df, TICKER_NAME, check_idx, sig_type)
  File "/home/oleg/Документы/trading/ALMA_bot.py", line 133, in build_chart
    return fig.to_image(format='png', scale=1.5)
           ~~~~~~~~~~~~^^^^^^^^^^^^^^^^^^^^^^^^^
  File "/home/oleg/Документы/trading/.venv/lib/python3.13/site-packages/plotly/basedatatypes.py", line 3801, in to_image
    return pio.to_image(self, *args, **kwargs)
           ~~~~~~~~~~~~^^^^^^^^^^^^^^^^^^^^^^^
  File "/home/oleg/Документы/trading/.venv/lib/python3.13/site-packages/plotly/io/_kaleido.py", line 345, in to_image
            raise ValueError(
    ...<6 lines>...
            )
ValueError: 
Image export using the "kaleido" engine requires the Kaleido package,
which can be installed using pip:

    $ pip install --upgrade kaleido

28.02.2026 19:15:05 | INFO | Повтор через 15 сек...
28.02.2026 19:15:20 | INFO | ⏳ До закрытия свечи: 14:40 мин
28.02.2026 19:16:20 | INFO | ⏳ До закрытия свечи: 13:40 мин
28.02.2026 19:17:20 | INFO | ⏳ До закрытия свечи: 12:40 мин
28.02.2026 19:18:20 | INFO | ⏳ До закрытия свечи: 11:40 мин
28.02.2026 19:19:20 | INFO | ⏳ До закрытия свечи: 10:40 мин
28.02.2026 19:19:39 | INFO | 🛑 Бот остановлен пользователем
