29.03.2026 12:31:39 | WARNING | __main__ | TELEGRAM_TOKEN не задан. Создайте файл .env с токеном бота.
29.03.2026 12:31:39 | WARNING | __main__ | TELEGRAM_CHAT_ID не задан.
29.03.2026 12:31:39 | INFO | __main__ | --- ЗАПУСК БЭКТЕСТА ЗА 2 ДНЯ ---
29.03.2026 12:31:40 | INFO | httpx | HTTP Request: GET https://iss.moex.com/iss/securities/SBER.json "HTTP/1.1 200 OK"
29.03.2026 12:31:41 | INFO | httpx | HTTP Request: GET https://iss.moex.com/iss/engines/stock/markets/shares/boards/TQBR/securities/SBER/candles.json?from=2026-02-25&till=2026-03-29&interval=1&start=0 "HTTP/1.1 200 OK"
29.03.2026 12:31:41 | INFO | httpx | HTTP Request: GET https://iss.moex.com/iss/engines/stock/markets/shares/boards/TQBR/securities/SBER/candles.json?from=2026-02-25&till=2026-03-29&interval=1&start=500 "HTTP/1.1 200 OK"
29.03.2026 12:31:41 | INFO | httpx | HTTP Request: GET https://iss.moex.com/iss/engines/stock/markets/shares/boards/TQBR/securities/SBER/candles.json?from=2026-02-25&till=2026-03-29&interval=1&start=1000 "HTTP/1.1 200 OK"
29.03.2026 12:31:41 | INFO | httpx | HTTP Request: GET https://iss.moex.com/iss/engines/stock/markets/shares/boards/TQBR/securities/SBER/candles.json?from=2026-02-25&till=2026-03-29&interval=1&start=1500 "HTTP/1.1 200 OK"
29.03.2026 12:31:42 | INFO | httpx | HTTP Request: GET https://iss.moex.com/iss/engines/stock/markets/shares/boards/TQBR/securities/SBER/candles.json?from=2026-02-25&till=2026-03-29&interval=1&start=2000 "HTTP/1.1 200 OK"
29.03.2026 12:31:42 | INFO | httpx | HTTP Request: GET https://iss.moex.com/iss/engines/stock/markets/shares/boards/TQBR/securities/SBER/candles.json?from=2026-02-25&till=2026-03-29&interval=1&start=2500 "HTTP/1.1 200 OK"
29.03.2026 12:31:42 | INFO | httpx | HTTP Request: GET https://iss.moex.com/iss/engines/stock/markets/shares/boards/TQBR/securities/SBER/candles.json?from=2026-02-25&till=2026-03-29&interval=1&start=3000 "HTTP/1.1 200 OK"
29.03.2026 12:31:42 | INFO | httpx | HTTP Request: GET https://iss.moex.com/iss/engines/stock/markets/shares/boards/TQBR/securities/SBER/candles.json?from=2026-02-25&till=2026-03-29&interval=1&start=3500 "HTTP/1.1 200 OK"
29.03.2026 12:31:42 | INFO | httpx | HTTP Request: GET https://iss.moex.com/iss/engines/stock/markets/shares/boards/TQBR/securities/SBER/candles.json?from=2026-02-25&till=2026-03-29&interval=1&start=4000 "HTTP/1.1 200 OK"
29.03.2026 12:31:43 | INFO | httpx | HTTP Request: GET https://iss.moex.com/iss/engines/stock/markets/shares/boards/TQBR/securities/SBER/candles.json?from=2026-02-25&till=2026-03-29&interval=1&start=4500 "HTTP/1.1 200 OK"
29.03.2026 12:31:44 | INFO | httpx | HTTP Request: GET https://iss.moex.com/iss/engines/stock/markets/shares/boards/TQBR/securities/SBER/candles.json?from=2026-02-25&till=2026-03-29&interval=1&start=5000 "HTTP/1.1 200 OK"
29.03.2026 12:31:44 | INFO | httpx | HTTP Request: GET https://iss.moex.com/iss/engines/stock/markets/shares/boards/TQBR/securities/SBER/candles.json?from=2026-02-25&till=2026-03-29&interval=1&start=5500 "HTTP/1.1 200 OK"
29.03.2026 12:31:44 | INFO | httpx | HTTP Request: GET https://iss.moex.com/iss/engines/stock/markets/shares/boards/TQBR/securities/SBER/candles.json?from=2026-02-25&till=2026-03-29&interval=1&start=6000 "HTTP/1.1 200 OK"
29.03.2026 12:31:44 | INFO | httpx | HTTP Request: GET https://iss.moex.com/iss/engines/stock/markets/shares/boards/TQBR/securities/SBER/candles.json?from=2026-02-25&till=2026-03-29&interval=1&start=6500 "HTTP/1.1 200 OK"
29.03.2026 12:31:44 | INFO | httpx | HTTP Request: GET https://iss.moex.com/iss/engines/stock/markets/shares/boards/TQBR/securities/SBER/candles.json?from=2026-02-25&till=2026-03-29&interval=1&start=7000 "HTTP/1.1 200 OK"
29.03.2026 12:31:44 | INFO | httpx | HTTP Request: GET https://iss.moex.com/iss/engines/stock/markets/shares/boards/TQBR/securities/SBER/candles.json?from=2026-02-25&till=2026-03-29&interval=1&start=7500 "HTTP/1.1 200 OK"
29.03.2026 12:31:44 | INFO | httpx | HTTP Request: GET https://iss.moex.com/iss/engines/stock/markets/shares/boards/TQBR/securities/SBER/candles.json?from=2026-02-25&till=2026-03-29&interval=1&start=8000 "HTTP/1.1 200 OK"
29.03.2026 12:31:44 | INFO | httpx | HTTP Request: GET https://iss.moex.com/iss/engines/stock/markets/shares/boards/TQBR/securities/SBER/candles.json?from=2026-02-25&till=2026-03-29&interval=1&start=8500 "HTTP/1.1 200 OK"
29.03.2026 12:31:45 | INFO | httpx | HTTP Request: GET https://iss.moex.com/iss/engines/stock/markets/shares/boards/TQBR/securities/SBER/candles.json?from=2026-02-25&till=2026-03-29&interval=1&start=9000 "HTTP/1.1 200 OK"
29.03.2026 12:31:45 | INFO | httpx | HTTP Request: GET https://iss.moex.com/iss/engines/stock/markets/shares/boards/TQBR/securities/SBER/candles.json?from=2026-02-25&till=2026-03-29&interval=1&start=9500 "HTTP/1.1 200 OK"
29.03.2026 12:31:45 | INFO | __main__ | Загружено 692 свечей для SBER (15min).
29.03.2026 12:31:45 | INFO | __main__ | Найдено в истории: SBER 15min Doji (Доджи) @ 2026-02-25 10:00:00
29.03.2026 12:31:45 | INFO | choreographer.browsers.chromium | Chromium init'ed with kwargs {}
29.03.2026 12:31:45 | INFO | choreographer.browsers.chromium | Found chromium path: /home/oleg/Документы/trading/.venv/lib/python3.13/site-packages/choreographer/cli/browser_exe/chrome-linux64/chrome
29.03.2026 12:31:45 | INFO | choreographer.utils._tmpfile | Temp directory created: /tmp/tmp8uo1mwh0.
29.03.2026 12:31:45 | INFO | choreographer.browser_async | Opening browser.
29.03.2026 12:31:45 | INFO | choreographer.utils._tmpfile | Temp directory created: /tmp/tmpdnqx1hnz.
29.03.2026 12:31:45 | INFO | choreographer.browsers.chromium | Temporary directory at: /tmp/tmpdnqx1hnz
29.03.2026 12:31:46 | INFO | kaleido.kaleido | Conforming 1 to file:///tmp/tmp8uo1mwh0/index.html
29.03.2026 12:31:46 | INFO | kaleido.kaleido | Waiting on all navigates
29.03.2026 12:31:48 | INFO | kaleido.kaleido | All navigates done, putting them all in queue.
29.03.2026 12:31:48 | INFO | kaleido.kaleido | Getting tab from queue (has 1)
29.03.2026 12:31:48 | INFO | kaleido.kaleido | Got 50D7
29.03.2026 12:31:48 | INFO | kaleido._kaleido_tab | Processing SBER_15min__Doji_.png
29.03.2026 12:31:48 | INFO | kaleido._kaleido_tab | Sending big command for SBER_15min__Doji_.png.
29.03.2026 12:31:48 | INFO | kaleido._kaleido_tab | Sent big command for SBER_15min__Doji_.png.
29.03.2026 12:31:48 | INFO | kaleido.kaleido | Reloading tab 50D7 before return.
29.03.2026 12:31:48 | INFO | kaleido.kaleido | Putting tab 50D7 back (queue size: 0).
29.03.2026 12:31:48 | INFO | kaleido.kaleido | Waiting for all cleanups to finish.
29.03.2026 12:31:48 | INFO | kaleido.kaleido | Exiting Kaleido
29.03.2026 12:31:48 | INFO | choreographer.browser_async | Closing browser.
29.03.2026 12:31:48 | INFO | choreographer.browser_async | Closing browser.
29.03.2026 12:31:48 | INFO | choreographer.utils._tmpfile | TemporaryDirectory.cleanup() worked.
29.03.2026 12:31:48 | INFO | choreographer.utils._tmpfile | shutil.rmtree worked.
29.03.2026 12:31:48 | INFO | kaleido.kaleido | Cancelling tasks.
29.03.2026 12:31:48 | INFO | kaleido.kaleido | Exiting Kaleido/Choreo
29.03.2026 12:31:48 | INFO | choreographer.utils._tmpfile | TemporaryDirectory.cleanup() worked.
29.03.2026 12:31:48 | INFO | choreographer.utils._tmpfile | shutil.rmtree worked.
29.03.2026 12:31:48 | INFO | choreographer.utils._tmpfile | TemporaryDirectory.cleanup() worked.
29.03.2026 12:31:48 | INFO | choreographer.utils._tmpfile | shutil.rmtree worked.
29.03.2026 12:31:48 | INFO | kaleido.kaleido | Cancelling tasks.
29.03.2026 12:31:48 | INFO | kaleido.kaleido | Exiting Kaleido/Choreo
29.03.2026 12:32:19 | INFO | choreographer.utils._tmpfile | TemporaryDirectory.cleanup() worked.
29.03.2026 12:32:19 | INFO | choreographer.utils._tmpfile | shutil.rmtree worked.
